1772779162263	geckodriver	INFO	Listening on 127.0.0.1:64960
1772779165353	mozrunner::runner	INFO	Running command: "C:\\Program Files\\Mozilla Firefox\\firefox.exe" "--marionette" "--remote-debugging-port" "64961" "--remote-allow-hosts" "localhost" "-no-remote" "-profile" "C:\\Users\\TOTHMA~1\\AppData\\Local\\Temp\\rust_mozprofilelaONdQ"
console.warn: services.settings: Ignoring preference override of remote settings server
console.warn: services.settings: Allow by setting MOZ_REMOTE_SETTINGS_DEVTOOLS=1 in the environment
Dynamically enable window occlusion 0
1772779165562	Marionette	INFO	Marionette enabled
1772779165632	Marionette	INFO	Listening on port 64970
WebDriver BiDi listening on ws://127.0.0.1:64961
Read port: 64970
1772779165719	RemoteAgent	WARN	TLS certificate errors will be ignored for this session
[Parent 5960, IPC I/O Parent] WARNING: Failed to launch tab subprocess @SB::LA::SpawnTarget (Error:-2147023898): file /builds/worker/checkouts/gecko/ipc/glue/GeckoChildProcessHost.cpp:812
[Parent 5960, IPC I/O Parent] WARNING: Failed to launch tab subprocess @SB::LA::SpawnTarget (Error:-2147023898): file /builds/worker/checkouts/gecko/ipc/glue/GeckoChildProcessHost.cpp:812
[Parent 5960, IPC I/O Parent] WARNING: Failed to launch tab subprocess @SB::LA::SpawnTarget (Error:-2147023898): file /builds/worker/checkouts/gecko/ipc/glue/GeckoChildProcessHost.cpp:812
[Parent 5960, IPC I/O Parent] WARNING: Failed to launch tab subprocess @SB::LA::SpawnTarget (Error:-2147023898): file /builds/worker/checkouts/gecko/ipc/glue/GeckoChildProcessHost.cpp:812
[Parent 5960, IPC I/O Parent] WARNING: Failed to launch tab subprocess @SB::LA::SpawnTarget (Error:-2147023898): file /builds/worker/checkouts/gecko/ipc/glue/GeckoChildProcessHost.cpp:812
[Parent 5960, IPC I/O Parent] WARNING: Failed to launch tab subprocess @SB::LA::SpawnTarget (Error:-2147023898): file /builds/worker/checkouts/gecko/ipc/glue/GeckoChildProcessHost.cpp:812
JavaScript error: resource://gre/modules/ExtensionParent.sys.mjs, line 1908: TypeError: can't access property "addMessageListener", messageManager is null
JavaScript error: resource://gre/modules/ExtensionParent.sys.mjs, line 1908: TypeError: can't access property "addMessageListener", messageManager is null
JavaScript error: resource://gre/modules/ExtensionParent.sys.mjs, line 1908: TypeError: can't access property "addMessageListener", messageManager is null
JavaScript error: resource://gre/modules/ExtensionParent.sys.mjs, line 1908: TypeError: can't access property "addMessageListener", messageManager is null
JavaScript error: resource://gre/modules/ExtensionParent.sys.mjs, line 1908: TypeError: can't access property "addMessageListener", messageManager is null
JavaScript error: resource://gre/modules/ExtensionParent.sys.mjs, line 1908: TypeError: can't access property "addMessageListener", messageManager is null
[Parent 5960, IPC I/O Parent] WARNING: Failed to launch utility subprocess @SB::LA::SpawnTarget (Error:-2147023898): file /builds/worker/checkouts/gecko/ipc/glue/GeckoChildProcessHost.cpp:812
1772779168419	Marionette	INFO	Stopped listening on port 64970
Dynamically enable window occlusion 1
console.warn: TopSitesFeed: Failed to fetch data from MARS server: NetworkError when attempting to fetch resource.
