1770362848630	geckodriver	INFO	Listening on 127.0.0.1:59777
1770362851741	mozrunner::runner	INFO	Running command: "C:\\Program Files\\Mozilla Firefox\\firefox.exe" "--marionette" "--remote-debugging-port" "59778" "--remote-allow-hosts" "localhost" "-no-remote" "-profile" "C:\\Users\\TOTHMA~1\\AppData\\Local\\Temp\\rust_mozprofilegvVVr8"
console.warn: services.settings: Ignoring preference override of remote settings server
console.warn: services.settings: Allow by setting MOZ_REMOTE_SETTINGS_DEVTOOLS=1 in the environment
Dynamically enable window occlusion 0
1770362851985	Marionette	INFO	Marionette enabled
1770362852059	Marionette	INFO	Listening on port 59786
WebDriver BiDi listening on ws://127.0.0.1:59778
Read port: 59786
1770362852205	RemoteAgent	WARN	TLS certificate errors will be ignored for this session
JavaScript warning: https://www.google.com/search?client=firefox-b-d&q=youtube, line 3547: unreachable code after return statement
JavaScript warning: https://www.google.com/search?client=firefox-b-d&q=youtube, line 3547: unreachable code after return statement
JavaScript warning: https://www.google.com/search?client=firefox-b-d&q=youtube, line 3547: unreachable code after return statement
JavaScript warning: https://www.google.com/search?client=firefox-b-d&q=youtube, line 3547: unreachable code after return statement
JavaScript warning: https://www.google.com/search?client=firefox-b-d&q=youtube, line 3547: unreachable code after return statement
JavaScript warning: https://www.google.com/search?client=firefox-b-d&q=youtube, line 3547: unreachable code after return statement
JavaScript warning: https://www.google.com/search?client=firefox-b-d&q=youtube, line 3547: unreachable code after return statement
JavaScript warning: https://www.google.com/search?client=firefox-b-d&q=youtube line 2 > eval, line 3547: unreachable code after return statement
JavaScript warning: https://www.google.com/search?client=firefox-b-d&q=youtube line 2 > eval, line 3547: unreachable code after return statement
JavaScript warning: https://www.google.com/search?client=firefox-b-d&q=youtube line 2 > eval, line 3547: unreachable code after return statement
JavaScript warning: https://www.google.com/search?client=firefox-b-d&q=youtube line 2 > eval, line 3547: unreachable code after return statement
JavaScript warning: https://www.google.com/search?client=firefox-b-d&q=youtube line 2 > eval, line 3547: unreachable code after return statement
JavaScript warning: https://www.google.com/search?client=firefox-b-d&q=youtube line 2 > eval, line 3547: unreachable code after return statement
JavaScript warning: https://www.google.com/search?client=firefox-b-d&q=youtube line 2 > eval, line 1: unreachable code after return statement
JavaScript warning: https://www.google.com/search?client=firefox-b-d&q=youtube line 2 > eval line 3547 > eval, line 1: unreachable code after return statement
JavaScript warning: https://www.google.com/search?client=firefox-b-d&q=youtube line 2 > eval, line 1: unreachable code after return statement
JavaScript warning: https://www.google.com/search?client=firefox-b-d&q=youtube line 2 > eval line 3547 > eval, line 1: unreachable code after return statement
JavaScript warning: https://www.google.com/search?client=firefox-b-d&q=youtube line 2 > eval, line 1: unreachable code after return statement
JavaScript warning: https://www.google.com/search?client=firefox-b-d&q=youtube line 2 > eval line 3547 > eval, line 1: unreachable code after return statement
JavaScript warning: https://www.google.com/search?client=firefox-b-d&q=youtube line 2 > eval, line 1: unreachable code after return statement
JavaScript warning: https://www.google.com/search?client=firefox-b-d&q=youtube line 2 > eval line 3547 > eval, line 1: unreachable code after return statement
JavaScript warning: https://www.google.com/search?client=firefox-b-d&q=youtube line 2 > eval, line 3547: unreachable code after return statement
JavaScript warning: https://www.google.com/search?client=firefox-b-d&q=youtube line 2 > eval line 3547 > eval line 1 > eval, line 1: unreachable code after return statement
JavaScript warning: https://www.google.com/search?client=firefox-b-d&q=youtube line 2 > eval line 3547 > eval line 1 > eval, line 1: unreachable code after return statement
JavaScript warning: https://www.google.com/search?client=firefox-b-d&q=youtube line 2 > eval line 3547 > eval line 1 > eval, line 1: unreachable code after return statement
JavaScript warning: https://www.google.com/search?client=firefox-b-d&q=youtube line 2 > eval line 3547 > eval line 1 > eval, line 1: unreachable code after return statement
JavaScript warning: https://www.google.com/search?client=firefox-b-d&q=youtube line 2 > eval line 3547 > eval line 1 > eval, line 1: unreachable code after return statement
JavaScript warning: https://www.google.com/search?client=firefox-b-d&q=youtube line 2 > eval line 3547 > eval line 1 > eval line 1 > eval, line 1: unreachable code after return statement
JavaScript warning: https://www.google.com/search?client=firefox-b-d&q=youtube line 2 > eval line 3547 > eval line 1 > eval line 1 > eval, line 1: unreachable code after return statement
JavaScript warning: https://www.google.com/search?client=firefox-b-d&q=youtube line 2 > eval line 3547 > eval line 1 > eval line 1 > eval, line 1: unreachable code after return statement
JavaScript warning: https://www.google.com/search?client=firefox-b-d&q=youtube line 2 > eval line 3547 > eval line 1 > eval line 1 > eval, line 1: unreachable code after return statement
JavaScript warning: https://www.google.com/search?client=firefox-b-d&q=youtube line 2 > eval line 3547 > eval line 1 > eval line 1 > eval, line 1: unreachable code after return statement
1770362877274	Marionette	WARN	Ignoring event 'DOMContentLoaded' because document has an invalid readyState of 'complete'.
JavaScript error: https://www.google.com/sorry/index?continue=https://www.google.com/search%3Fclient%3Dfirefox-b-d%26q%3Dyoutube%26sei%3D_ZeFae6XCabHi-gPtNTiuAg&q=EgROXBDeGP2vlswGIjB5opCW5mIR2E2ztVHBbbkIl047hEK8i-RwiVYSSU5TIc4IXalm1PCSPNNFNUdFyUUyAVJaAUM, line 1: ReferenceError: solveSimpleChallenge is not defined
1770362900652	Marionette	INFO	Stopped listening on port 59786
Dynamically enable window occlusion 1
console.warn: TopSitesFeed: Failed to fetch data from MARS server: NetworkError when attempting to fetch resource.
